<?xml version="1.0" encoding="UTF-8"?>
<!-- Generated by org.testng.reporters.JUnitReportReporter -->
<testsuite hostname="DrSupancomputer" name="com.gmail.tests.ParameterSample" tests="1" failures="0" timestamp="20 Sep 2016 08:20:36 GMT" time="54.235" errors="0">
  <testcase name="Test_SignInToEnteringEmailWithFF" time="54.235" classname="com.gmail.tests.ParameterSample"/>
</testsuite> <!-- com.gmail.tests.ParameterSample -->
