<?xml version="1.0" encoding="UTF-8"?>
<!-- Generated by org.testng.reporters.JUnitReportReporter -->
<testsuite hostname="DrSupancomputer" name="com.gmail.tests.ParameterSample" tests="1" failures="0" timestamp="6 Sep 2016 14:44:53 GMT" time="52.193" errors="0">
  <testcase name="Test_SignInToEnteringEmailWithFF" time="52.193" classname="com.gmail.tests.ParameterSample"/>
</testsuite> <!-- com.gmail.tests.ParameterSample -->
